<?xml version="1.0" encoding="UTF-8"?>
<!-- Generated by org.testng.reporters.JUnitReportReporter -->
<testsuite hostname="DESKTOP-GGGALPM" name="example.GoogleTest" tests="1" failures="0" timestamp="19 Nov 2016 19:48:23 GMT" time="3.457" errors="0">
  <testcase name="testEasy" time="3.457" classname="example.GoogleTest"/>
</testsuite> <!-- example.GoogleTest -->
