<?xml version="1.0" encoding="UTF-8"?>
<!-- Generated by org.testng.reporters.JUnitReportReporter -->
<testsuite hostname="DESKTOP-GGGALPM" name="example.NewTest" tests="1" failures="0" timestamp="19 Nov 2016 19:48:23 GMT" time="15.153" errors="0">
  <testcase name="testEasy" time="15.153" classname="example.NewTest"/>
</testsuite> <!-- example.NewTest -->
